<?xml version="1.0" encoding="UTF-8"?>
<!-- Generated by org.testng.reporters.JUnitReportReporter -->
<testsuite skipped="0" hostname="Rajesh-PC" name="com.FreeCRM.TestCases.LoginApplication" tests="2" failures="0" timestamp="08 Feb 2019 16:00:53 GMT" time="12.648" errors="0">
  <testcase name="logout" time="0.442" classname="com.FreeCRM.TestCases.LoginApplication"/>
  <testcase name="login" time="12.206" classname="com.FreeCRM.TestCases.LoginApplication"/>
</testsuite> <!-- com.FreeCRM.TestCases.LoginApplication -->
