<?xml version="1.0" encoding="UTF-8"?>
<!-- Generated by org.testng.reporters.JUnitReportReporter -->
<testsuite skipped="0" hostname="Rajesh-PC" name="checkTest.GenerateReport" tests="1" failures="0" timestamp="12 Feb 2019 16:46:59 GMT" time="1.049" errors="0">
  <testcase name="login" time="1.049" classname="checkTest.GenerateReport"/>
</testsuite> <!-- checkTest.GenerateReport -->
